0 info it worked if it ends with ok
1 verbose cli [ '/usr/bin/node', '/usr/bin/npm', 'install' ]
2 info using npm@1.3.21
3 info using node@v0.10.24
4 warn package.json lweb@0.0.0 No repository field.
5 verbose readDependencies using package.json deps
6 verbose install where, deps [ '/home/lesh/coding/bitcoin/bombermanserverside/node_modules/lweb',
6 verbose install   [ 'backbone4000',
6 verbose install     'helpers',
6 verbose install     'decorators',
6 verbose install     'underscore',
6 verbose install     'socket.io-browserify' ] ]
7 info preinstall lweb@0.0.0
8 verbose readDependencies using package.json deps
9 verbose cache add [ 'backbone4000@git://github.com/leshy/backbone4000.git', null ]
10 verbose cache add name=undefined spec="backbone4000@git://github.com/leshy/backbone4000.git" args=["backbone4000@git://github.com/leshy/backbone4000.git",null]
11 verbose parsed url { protocol: null,
11 verbose parsed url   slashes: null,
11 verbose parsed url   auth: null,
11 verbose parsed url   host: null,
11 verbose parsed url   port: null,
11 verbose parsed url   hostname: null,
11 verbose parsed url   hash: null,
11 verbose parsed url   search: null,
11 verbose parsed url   query: null,
11 verbose parsed url   pathname: 'backbone4000@git://github.com/leshy/backbone4000.git',
11 verbose parsed url   path: 'backbone4000@git://github.com/leshy/backbone4000.git',
11 verbose parsed url   href: 'backbone4000@git://github.com/leshy/backbone4000.git' }
12 verbose cache add name="backbone4000" spec="git://github.com/leshy/backbone4000.git" args=["backbone4000","git://github.com/leshy/backbone4000.git"]
13 verbose parsed url { protocol: 'git:',
13 verbose parsed url   slashes: true,
13 verbose parsed url   auth: null,
13 verbose parsed url   host: 'github.com',
13 verbose parsed url   port: null,
13 verbose parsed url   hostname: 'github.com',
13 verbose parsed url   hash: null,
13 verbose parsed url   search: null,
13 verbose parsed url   query: null,
13 verbose parsed url   pathname: '/leshy/backbone4000.git',
13 verbose parsed url   path: '/leshy/backbone4000.git',
13 verbose parsed url   href: 'git://github.com/leshy/backbone4000.git' }
14 verbose cache add [ 'helpers@git://github.com/leshy/nodejs-helpers.git', null ]
15 verbose cache add name=undefined spec="helpers@git://github.com/leshy/nodejs-helpers.git" args=["helpers@git://github.com/leshy/nodejs-helpers.git",null]
16 verbose parsed url { protocol: null,
16 verbose parsed url   slashes: null,
16 verbose parsed url   auth: null,
16 verbose parsed url   host: null,
16 verbose parsed url   port: null,
16 verbose parsed url   hostname: null,
16 verbose parsed url   hash: null,
16 verbose parsed url   search: null,
16 verbose parsed url   query: null,
16 verbose parsed url   pathname: 'helpers@git://github.com/leshy/nodejs-helpers.git',
16 verbose parsed url   path: 'helpers@git://github.com/leshy/nodejs-helpers.git',
16 verbose parsed url   href: 'helpers@git://github.com/leshy/nodejs-helpers.git' }
17 verbose cache add name="helpers" spec="git://github.com/leshy/nodejs-helpers.git" args=["helpers","git://github.com/leshy/nodejs-helpers.git"]
18 verbose parsed url { protocol: 'git:',
18 verbose parsed url   slashes: true,
18 verbose parsed url   auth: null,
18 verbose parsed url   host: 'github.com',
18 verbose parsed url   port: null,
18 verbose parsed url   hostname: 'github.com',
18 verbose parsed url   hash: null,
18 verbose parsed url   search: null,
18 verbose parsed url   query: null,
18 verbose parsed url   pathname: '/leshy/nodejs-helpers.git',
18 verbose parsed url   path: '/leshy/nodejs-helpers.git',
18 verbose parsed url   href: 'git://github.com/leshy/nodejs-helpers.git' }
19 verbose cache add [ 'decorators@git://github.com/leshy/nodejs-decorators.git',
19 verbose cache add   null ]
20 verbose cache add name=undefined spec="decorators@git://github.com/leshy/nodejs-decorators.git" args=["decorators@git://github.com/leshy/nodejs-decorators.git",null]
21 verbose parsed url { protocol: null,
21 verbose parsed url   slashes: null,
21 verbose parsed url   auth: null,
21 verbose parsed url   host: null,
21 verbose parsed url   port: null,
21 verbose parsed url   hostname: null,
21 verbose parsed url   hash: null,
21 verbose parsed url   search: null,
21 verbose parsed url   query: null,
21 verbose parsed url   pathname: 'decorators@git://github.com/leshy/nodejs-decorators.git',
21 verbose parsed url   path: 'decorators@git://github.com/leshy/nodejs-decorators.git',
21 verbose parsed url   href: 'decorators@git://github.com/leshy/nodejs-decorators.git' }
22 verbose cache add name="decorators" spec="git://github.com/leshy/nodejs-decorators.git" args=["decorators","git://github.com/leshy/nodejs-decorators.git"]
23 verbose parsed url { protocol: 'git:',
23 verbose parsed url   slashes: true,
23 verbose parsed url   auth: null,
23 verbose parsed url   host: 'github.com',
23 verbose parsed url   port: null,
23 verbose parsed url   hostname: 'github.com',
23 verbose parsed url   hash: null,
23 verbose parsed url   search: null,
23 verbose parsed url   query: null,
23 verbose parsed url   pathname: '/leshy/nodejs-decorators.git',
23 verbose parsed url   path: '/leshy/nodejs-decorators.git',
23 verbose parsed url   href: 'git://github.com/leshy/nodejs-decorators.git' }
24 silly lockFile 85471fa3-ithub-com-leshy-backbone4000-git git://github.com/leshy/backbone4000.git
25 verbose lock git://github.com/leshy/backbone4000.git /home/lesh/.npm/85471fa3-ithub-com-leshy-backbone4000-git.lock
26 silly lockFile c795f1d8-hub-com-leshy-nodejs-helpers-git git://github.com/leshy/nodejs-helpers.git
27 verbose lock git://github.com/leshy/nodejs-helpers.git /home/lesh/.npm/c795f1d8-hub-com-leshy-nodejs-helpers-git.lock
28 verbose cache add [ 'socket.io-browserify@~0.9.6', null ]
29 verbose cache add name=undefined spec="socket.io-browserify@~0.9.6" args=["socket.io-browserify@~0.9.6",null]
30 verbose parsed url { protocol: null,
30 verbose parsed url   slashes: null,
30 verbose parsed url   auth: null,
30 verbose parsed url   host: null,
30 verbose parsed url   port: null,
30 verbose parsed url   hostname: null,
30 verbose parsed url   hash: null,
30 verbose parsed url   search: null,
30 verbose parsed url   query: null,
30 verbose parsed url   pathname: 'socket.io-browserify@~0.9.6',
30 verbose parsed url   path: 'socket.io-browserify@~0.9.6',
30 verbose parsed url   href: 'socket.io-browserify@~0.9.6' }
31 verbose cache add name="socket.io-browserify" spec="~0.9.6" args=["socket.io-browserify","~0.9.6"]
32 verbose parsed url { protocol: null,
32 verbose parsed url   slashes: null,
32 verbose parsed url   auth: null,
32 verbose parsed url   host: null,
32 verbose parsed url   port: null,
32 verbose parsed url   hostname: null,
32 verbose parsed url   hash: null,
32 verbose parsed url   search: null,
32 verbose parsed url   query: null,
32 verbose parsed url   pathname: '~0.9.6',
32 verbose parsed url   path: '~0.9.6',
32 verbose parsed url   href: '~0.9.6' }
33 verbose addNamed [ 'socket.io-browserify', '~0.9.6' ]
34 verbose addNamed [ null, '>=0.9.6-0 <0.10.0-0' ]
35 silly lockFile 4db37dc2-socket-io-browserify-0-9-6 socket.io-browserify@~0.9.6
36 verbose lock socket.io-browserify@~0.9.6 /home/lesh/.npm/4db37dc2-socket-io-browserify-0-9-6.lock
37 verbose cache add [ 'underscore@underscore >= 1.4.x', null ]
38 verbose cache add name=undefined spec="underscore@underscore >= 1.4.x" args=["underscore@underscore >= 1.4.x",null]
39 verbose parsed url { protocol: null,
39 verbose parsed url   slashes: null,
39 verbose parsed url   auth: null,
39 verbose parsed url   host: null,
39 verbose parsed url   port: null,
39 verbose parsed url   hostname: null,
39 verbose parsed url   hash: null,
39 verbose parsed url   search: null,
39 verbose parsed url   query: null,
39 verbose parsed url   pathname: 'underscore@underscore%20%3E=%201.4.x',
39 verbose parsed url   path: 'underscore@underscore%20%3E=%201.4.x',
39 verbose parsed url   href: 'underscore@underscore%20%3E=%201.4.x' }
40 verbose cache add name="underscore" spec="underscore >= 1.4.x" args=["underscore","underscore >= 1.4.x"]
41 verbose parsed url { protocol: null,
41 verbose parsed url   slashes: null,
41 verbose parsed url   auth: null,
41 verbose parsed url   host: null,
41 verbose parsed url   port: null,
41 verbose parsed url   hostname: null,
41 verbose parsed url   hash: null,
41 verbose parsed url   search: null,
41 verbose parsed url   query: null,
41 verbose parsed url   pathname: 'underscore%20%3E=%201.4.x',
41 verbose parsed url   path: 'underscore%20%3E=%201.4.x',
41 verbose parsed url   href: 'underscore%20%3E=%201.4.x' }
42 verbose addNamed [ 'underscore', 'underscore >= 1.4.x' ]
43 verbose addNamed [ null, null ]
44 silly lockFile 71278c95-underscore-underscore-1-4-x underscore@underscore >= 1.4.x
45 verbose lock underscore@underscore >= 1.4.x /home/lesh/.npm/71278c95-underscore-underscore-1-4-x.lock
46 silly lockFile 4691b7e4--com-leshy-nodejs-decorators-git git://github.com/leshy/nodejs-decorators.git
47 verbose lock git://github.com/leshy/nodejs-decorators.git /home/lesh/.npm/4691b7e4--com-leshy-nodejs-decorators-git.lock
48 verbose addRemoteGit [ 'git://github.com/leshy/backbone4000.git', 'master' ]
49 verbose addRemoteGit [ 'git://github.com/leshy/nodejs-helpers.git', 'master' ]
50 silly addNameRange { name: 'socket.io-browserify',
50 silly addNameRange   range: '>=0.9.6-0 <0.10.0-0',
50 silly addNameRange   hasData: false }
51 silly addNameRange { name: 'underscore', range: '>=1.4.0-0', hasData: false }
52 verbose addRemoteGit [ 'git://github.com/leshy/nodejs-decorators.git', 'master' ]
53 verbose url raw socket.io-browserify
54 verbose url resolving [ 'https://registry.npmjs.org/', './socket.io-browserify' ]
55 verbose url resolved https://registry.npmjs.org/socket.io-browserify
56 info trying registry request attempt 1 at 11:40:41
57 verbose etag "B47B5HQSJ08E8V3HXQZ2QW7WR"
58 http GET https://registry.npmjs.org/socket.io-browserify
59 verbose url raw underscore
60 verbose url resolving [ 'https://registry.npmjs.org/', './underscore' ]
61 verbose url resolved https://registry.npmjs.org/underscore
62 info trying registry request attempt 1 at 11:40:41
63 verbose etag "9AHO75VRYD1Z5EY3OJM9MSLR8"
64 http GET https://registry.npmjs.org/underscore
65 verbose git remote.origin.url git://github.com/leshy/backbone4000.git
66 verbose git remote.origin.url git://github.com/leshy/nodejs-decorators.git
67 verbose git remote.origin.url git://github.com/leshy/nodejs-helpers.git
68 error git fetch -a origin (git://github.com/leshy/backbone4000.git) fatal: unable to connect to github.com:
68 error git fetch -a origin (git://github.com/leshy/backbone4000.git) github.com[0: 192.30.252.131]: errno=Connection refused
69 error git fetch -a origin (git://github.com/leshy/nodejs-decorators.git) fatal: unable to connect to github.com:
69 error git fetch -a origin (git://github.com/leshy/nodejs-decorators.git) github.com[0: 192.30.252.131]: errno=Connection refused
70 silly lockFile 85471fa3-ithub-com-leshy-backbone4000-git git://github.com/leshy/backbone4000.git
71 silly lockFile 85471fa3-ithub-com-leshy-backbone4000-git git://github.com/leshy/backbone4000.git
72 error Error: Command failed: fatal: unable to connect to github.com:
72 error github.com[0: 192.30.252.131]: errno=Connection refused
72 error
72 error
72 error     at ChildProcess.exithandler (child_process.js:637:15)
72 error     at ChildProcess.EventEmitter.emit (events.js:98:17)
72 error     at maybeClose (child_process.js:735:16)
72 error     at Socket.<anonymous> (child_process.js:948:11)
72 error     at Socket.EventEmitter.emit (events.js:95:17)
72 error     at Pipe.close (net.js:466:12)
73 error If you need help, you may report this *entire* log,
73 error including the npm and node versions, at:
73 error     <http://github.com/isaacs/npm/issues>
74 error System Linux 3.12.6-1-ARCH
75 error command "/usr/bin/node" "/usr/bin/npm" "install"
76 error cwd /home/lesh/coding/bitcoin/bombermanserverside/node_modules/lweb
77 error node -v v0.10.24
78 error npm -v 1.3.21
79 error code 128
80 verbose exit [ 1, true ]
